Performing C SOURCE FILE Test CMAKE_HAVE_LIBC_PTHREAD failed with the following output:
Change Dir: /home/csmajs/rjahr003/lab-04---github-actions-arabi005_rjahr003_lab4/CMakeFiles/CMakeTmp

Run Build Command(s):/usr/bin/gmake cmTC_e1c67/fast && /usr/bin/gmake  -f CMakeFiles/cmTC_e1c67.dir/build.make CMakeFiles/cmTC_e1c67.dir/build
gmake[1]: Entering directory `/home/csmajs/rjahr003/lab-04---github-actions-arabi005_rjahr003_lab4/CMakeFiles/CMakeTmp'
Building C object CMakeFiles/cmTC_e1c67.dir/src.c.o
/usr/bin/cc   -DCMAKE_HAVE_LIBC_PTHREAD   -o CMakeFiles/cmTC_e1c67.dir/src.c.o   -c /home/csmajs/rjahr003/lab-04---github-actions-arabi005_rjahr003_lab4/CMakeFiles/CMakeTmp/src.c
Linking C executable cmTC_e1c67
/usr/bin/cmake3 -E cmake_link_script CMakeFiles/cmTC_e1c67.dir/link.txt --verbose=1
/usr/bin/cc  -DCMAKE_HAVE_LIBC_PTHREAD     CMakeFiles/cmTC_e1c67.dir/src.c.o  -o cmTC_e1c67 
CMakeFiles/cmTC_e1c67.dir/src.c.o: In function `main':
src.c:(.text+0x2d): undefined reference to `pthread_create'
src.c:(.text+0x39): undefined reference to `pthread_detach'
src.c:(.text+0x45): undefined reference to `pthread_cancel'
src.c:(.text+0x56): undefined reference to `pthread_join'
src.c:(.text+0x6a): undefined reference to `pthread_atfork'
collect2: error: ld returned 1 exit status
gmake[1]: *** [cmTC_e1c67] Error 1
gmake[1]: Leaving directory `/home/csmajs/rjahr003/lab-04---github-actions-arabi005_rjahr003_lab4/CMakeFiles/CMakeTmp'
gmake: *** [cmTC_e1c67/fast] Error 2


Source file was:
#include <pthread.h>

void* test_func(void* data)
{
  return data;
}

int main(void)
{
  pthread_t thread;
  pthread_create(&thread, NULL, test_func, NULL);
  pthread_detach(thread);
  pthread_cancel(thread);
  pthread_join(thread, NULL);
  pthread_atfork(NULL, NULL, NULL);
  pthread_exit(NULL);

  return 0;
}

Determining if the function pthread_create exists in the pthreads failed with the following output:
Change Dir: /home/csmajs/rjahr003/lab-04---github-actions-arabi005_rjahr003_lab4/CMakeFiles/CMakeTmp

Run Build Command(s):/usr/bin/gmake cmTC_ce22b/fast && /usr/bin/gmake  -f CMakeFiles/cmTC_ce22b.dir/build.make CMakeFiles/cmTC_ce22b.dir/build
gmake[1]: Entering directory `/home/csmajs/rjahr003/lab-04---github-actions-arabi005_rjahr003_lab4/CMakeFiles/CMakeTmp'
Building C object CMakeFiles/cmTC_ce22b.dir/CheckFunctionExists.c.o
/usr/bin/cc   -DCHECK_FUNCTION_EXISTS=pthread_create   -o CMakeFiles/cmTC_ce22b.dir/CheckFunctionExists.c.o   -c /usr/share/cmake3/Modules/CheckFunctionExists.c
Linking C executable cmTC_ce22b
/usr/bin/cmake3 -E cmake_link_script CMakeFiles/cmTC_ce22b.dir/link.txt --verbose=1
/usr/bin/cc  -DCHECK_FUNCTION_EXISTS=pthread_create     CMakeFiles/cmTC_ce22b.dir/CheckFunctionExists.c.o  -o cmTC_ce22b  -lpthreads 
/usr/bin/ld: cannot find -lpthreads
collect2: error: ld returned 1 exit status
gmake[1]: *** [cmTC_ce22b] Error 1
gmake[1]: Leaving directory `/home/csmajs/rjahr003/lab-04---github-actions-arabi005_rjahr003_lab4/CMakeFiles/CMakeTmp'
gmake: *** [cmTC_ce22b/fast] Error 2



